<?xml version="1.0" encoding="UTF-8"?>
<robot generator="Robot 3.2.2 (Python 3.6.5 on win32)" generated="20200928 17:19:50.854" rpa="false">
<suite id="s1" name="Scalar" source="C:\Development\robot-script\first-script\Variables-scalar\Test\Scalar.robot">
<test id="s1-t1" name="variables demostration">
<kw name="Log" library="BuiltIn">
<doc>Logs the given message with the given level.</doc>
<arguments>
<arg>${My_Variable}</arg>
</arguments>
<msg timestamp="20200928 17:19:50.882" level="INFO">This is my input Data</msg>
<status status="PASS" starttime="20200928 17:19:50.882" endtime="20200928 17:19:50.882"></status>
</kw>
<status status="PASS" starttime="20200928 17:19:50.882" endtime="20200928 17:19:50.882" critical="yes"></status>
</test>
<test id="s1-t2" name="variables demostration 2">
<kw name="Log" library="BuiltIn">
<doc>Logs the given message with the given level.</doc>
<arguments>
<arg>${My_Variable}</arg>
</arguments>
<msg timestamp="20200928 17:19:50.882" level="INFO">This is my input Data</msg>
<status status="PASS" starttime="20200928 17:19:50.882" endtime="20200928 17:19:50.882"></status>
</kw>
<status status="PASS" starttime="20200928 17:19:50.882" endtime="20200928 17:19:50.882" critical="yes"></status>
</test>
<status status="PASS" starttime="20200928 17:19:50.858" endtime="20200928 17:19:50.886"></status>
</suite>
<statistics>
<total>
<stat pass="2" fail="0">Critical Tests</stat>
<stat pass="2" fail="0">All Tests</stat>
</total>
<tag>
</tag>
<suite>
<stat pass="2" fail="0" id="s1" name="Scalar">Scalar</stat>
</suite>
</statistics>
<errors>
</errors>
</robot>
