<?xml version="1.0" encoding="UTF-8"?>
<robot generator="Robot 3.2.2 (Python 3.6.5 on win32)" generated="20220130 21:41:33.760" rpa="false">
<suite id="s1" name="PetClinic" source="C:\Development\robot-script\first-script\amazon-variable ends\Test\PetClinic.robot">
<test id="s1-t1" name="Find All the Veterinarians Which are added in the Application">
<kw name="Begin Web Test Cases" library="Common" type="setup">
<kw name="Open Browser" library="SeleniumLibrary">
<doc>Opens a new browser instance to the optional ``url``.</doc>
<arguments>
<arg>about:blank</arg>
<arg>${BROWSER}</arg>
</arguments>
<msg timestamp="20220130 21:41:34.306" level="INFO">Opening browser 'chrome' to base url 'about:blank'.</msg>
<status status="PASS" starttime="20220130 21:41:34.306" endtime="20220130 21:41:35.551"></status>
</kw>
<kw name="Maximize Browser Window" library="SeleniumLibrary">
<doc>Maximizes current browser window.</doc>
<status status="PASS" starttime="20220130 21:41:35.552" endtime="20220130 21:41:35.674"></status>
</kw>
<status status="PASS" starttime="20220130 21:41:34.306" endtime="20220130 21:41:35.675"></status>
</kw>
<kw name="Click On Veterinarians Hamburger Menu" library="PetClinic">
<kw name="Load" library="LandingPage">
<kw name="Go To" library="SeleniumLibrary">
<doc>Navigates the current browser window to the provided ``url``.</doc>
<arguments>
<arg>${START_URL}</arg>
</arguments>
<msg timestamp="20220130 21:41:35.679" level="INFO">Opening url 'http://localhost:8080/'</msg>
<status status="PASS" starttime="20220130 21:41:35.679" endtime="20220130 21:41:35.833"></status>
</kw>
<status status="PASS" starttime="20220130 21:41:35.678" endtime="20220130 21:41:35.833"></status>
</kw>
<kw name="Click on the Veterinations" library="PetClinicLandingPage">
<kw name="Wait Until Page Contains" library="SeleniumLibrary">
<doc>Waits until ``text`` appears on the current page.</doc>
<arguments>
<arg>Welcome</arg>
</arguments>
<status status="PASS" starttime="20220130 21:41:35.834" endtime="20220130 21:41:35.844"></status>
</kw>
<kw name="Click Element" library="SeleniumLibrary">
<doc>Click the element identified by ``locator``.</doc>
<arguments>
<arg>${Veterian_Txt}</arg>
</arguments>
<msg timestamp="20220130 21:41:35.845" level="INFO">Clicking element '//a[@title='veterinarians']'.</msg>
<status status="PASS" starttime="20220130 21:41:35.845" endtime="20220130 21:41:35.970"></status>
</kw>
<status status="PASS" starttime="20220130 21:41:35.833" endtime="20220130 21:41:35.970"></status>
</kw>
<kw name="Sleep" library="BuiltIn">
<doc>Pauses the test executed for the given time.</doc>
<arguments>
<arg>4</arg>
</arguments>
<msg timestamp="20220130 21:41:39.976" level="INFO">Slept 4 seconds</msg>
<status status="PASS" starttime="20220130 21:41:35.971" endtime="20220130 21:41:39.976"></status>
</kw>
<status status="PASS" starttime="20220130 21:41:35.677" endtime="20220130 21:41:39.976"></status>
</kw>
<kw name="End Web Test" library="Common" type="teardown">
<kw name="Close Browser" library="SeleniumLibrary">
<doc>Closes the current browser.</doc>
<status status="PASS" starttime="20220130 21:41:39.977" endtime="20220130 21:41:42.437"></status>
</kw>
<status status="PASS" starttime="20220130 21:41:39.976" endtime="20220130 21:41:42.437"></status>
</kw>
<doc>Find All The Veterinarians In The Application</doc>
<tags>
<tag>smoke</tag>
</tags>
<status status="PASS" starttime="20220130 21:41:34.305" endtime="20220130 21:41:42.439" critical="yes"></status>
</test>
<test id="s1-t2" name="Add a new owner, add pet for that owner.">
<kw name="Begin Web Test Cases" library="Common" type="setup">
<kw name="Open Browser" library="SeleniumLibrary">
<doc>Opens a new browser instance to the optional ``url``.</doc>
<arguments>
<arg>about:blank</arg>
<arg>${BROWSER}</arg>
</arguments>
<msg timestamp="20220130 21:41:42.447" level="INFO">Opening browser 'chrome' to base url 'about:blank'.</msg>
<status status="PASS" starttime="20220130 21:41:42.446" endtime="20220130 21:41:43.645"></status>
</kw>
<kw name="Maximize Browser Window" library="SeleniumLibrary">
<doc>Maximizes current browser window.</doc>
<status status="PASS" starttime="20220130 21:41:43.645" endtime="20220130 21:41:43.765"></status>
</kw>
<status status="PASS" starttime="20220130 21:41:42.444" endtime="20220130 21:41:43.765"></status>
</kw>
<kw name="Get Current Date" library="DateTime">
<doc>Returns current local or UTC time with an optional increment.</doc>
<arguments>
<arg>result_format=%d-%m-%Y</arg>
<arg>increment= -300 day</arg>
</arguments>
<assign>
<var>${Date_Of_Birth}</var>
</assign>
<msg timestamp="20220130 21:41:43.766" level="INFO">${Date_Of_Birth} = 05-04-2021</msg>
<status status="PASS" starttime="20220130 21:41:43.765" endtime="20220130 21:41:43.766"></status>
</kw>
<kw name="First Name" library="FakerLibrary">
<assign>
<var>${first_name}</var>
</assign>
<msg timestamp="20220130 21:41:43.769" level="INFO">${first_name} = Valerie</msg>
<status status="PASS" starttime="20220130 21:41:43.767" endtime="20220130 21:41:43.769"></status>
</kw>
<kw name="Last Name" library="FakerLibrary">
<assign>
<var>${last_name}</var>
</assign>
<msg timestamp="20220130 21:41:43.770" level="INFO">${last_name} = Rogers</msg>
<status status="PASS" starttime="20220130 21:41:43.770" endtime="20220130 21:41:43.770"></status>
</kw>
<kw name="Country" library="FakerLibrary">
<assign>
<var>${country}</var>
</assign>
<msg timestamp="20220130 21:41:43.771" level="INFO">${country} = Kenya</msg>
<status status="PASS" starttime="20220130 21:41:43.771" endtime="20220130 21:41:43.771"></status>
</kw>
<kw name="Click on the Find Owner Tab" library="Common">
<kw name="Load" library="LandingPage">
<kw name="Go To" library="SeleniumLibrary">
<doc>Navigates the current browser window to the provided ``url``.</doc>
<arguments>
<arg>${START_URL}</arg>
</arguments>
<msg timestamp="20220130 21:41:43.772" level="INFO">Opening url 'http://localhost:8080/'</msg>
<status status="PASS" starttime="20220130 21:41:43.772" endtime="20220130 21:41:43.931"></status>
</kw>
<status status="PASS" starttime="20220130 21:41:43.771" endtime="20220130 21:41:43.931"></status>
</kw>
<kw name="Click on the Find Owners" library="PetClinicLandingPage">
<kw name="Wait Until Page Contains" library="SeleniumLibrary">
<doc>Waits until ``text`` appears on the current page.</doc>
<arguments>
<arg>Welcome</arg>
</arguments>
<status status="PASS" starttime="20220130 21:41:43.934" endtime="20220130 21:41:43.946"></status>
</kw>
<kw name="Click Link" library="SeleniumLibrary">
<doc>Clicks a link identified by ``locator``.</doc>
<arguments>
<arg>css:${Find_Owner_Txt}</arg>
</arguments>
<msg timestamp="20220130 21:41:43.947" level="INFO">Clicking link 'css:ul &gt; li:nth-child(2) &gt; a'.</msg>
<status status="PASS" starttime="20220130 21:41:43.947" endtime="20220130 21:41:44.070"></status>
</kw>
<status status="PASS" starttime="20220130 21:41:43.932" endtime="20220130 21:41:44.071"></status>
</kw>
<kw name="Sleep" library="BuiltIn">
<doc>Pauses the test executed for the given time.</doc>
<arguments>
<arg>3</arg>
</arguments>
<msg timestamp="20220130 21:41:47.077" level="INFO">Slept 3 seconds</msg>
<status status="PASS" starttime="20220130 21:41:44.071" endtime="20220130 21:41:47.077"></status>
</kw>
<status status="PASS" starttime="20220130 21:41:43.771" endtime="20220130 21:41:47.077"></status>
</kw>
<kw name="Add a New Owner" library="PetClinic">
<arguments>
<arg>${first_name}</arg>
<arg>${last_name}</arg>
<arg>${address}</arg>
<arg>${country}</arg>
<arg>${phone_number}</arg>
</arguments>
<kw name="Set Global Variable" library="BuiltIn">
<doc>Makes a variable available globally in all tests and suites.</doc>
<arguments>
<arg>${first_name}</arg>
</arguments>
<msg timestamp="20220130 21:41:47.078" level="INFO">${first_name} = Valerie</msg>
<status status="PASS" starttime="20220130 21:41:47.078" endtime="20220130 21:41:47.078"></status>
</kw>
<kw name="Set Global Variable" library="BuiltIn">
<doc>Makes a variable available globally in all tests and suites.</doc>
<arguments>
<arg>${last_name}</arg>
</arguments>
<msg timestamp="20220130 21:41:47.078" level="INFO">${last_name} = Rogers</msg>
<status status="PASS" starttime="20220130 21:41:47.078" endtime="20220130 21:41:47.078"></status>
</kw>
<kw name="Set Global Variable" library="BuiltIn">
<doc>Makes a variable available globally in all tests and suites.</doc>
<arguments>
<arg>${address}</arg>
</arguments>
<msg timestamp="20220130 21:41:47.079" level="INFO">${address} = 22 Est Coast England</msg>
<status status="PASS" starttime="20220130 21:41:47.079" endtime="20220130 21:41:47.079"></status>
</kw>
<kw name="Set Global Variable" library="BuiltIn">
<doc>Makes a variable available globally in all tests and suites.</doc>
<arguments>
<arg>${country}</arg>
</arguments>
<msg timestamp="20220130 21:41:47.079" level="INFO">${country} = Kenya</msg>
<status status="PASS" starttime="20220130 21:41:47.079" endtime="20220130 21:41:47.079"></status>
</kw>
<kw name="Set Global Variable" library="BuiltIn">
<doc>Makes a variable available globally in all tests and suites.</doc>
<arguments>
<arg>${phone_number}</arg>
</arguments>
<msg timestamp="20220130 21:41:47.080" level="INFO">${phone_number} = 906060050</msg>
<status status="PASS" starttime="20220130 21:41:47.079" endtime="20220130 21:41:47.080"></status>
</kw>
<kw name="Click on the Add New Owner Button" library="OwnerPage">
<kw name="Wait Until Page Contains" library="SeleniumLibrary">
<doc>Waits until ``text`` appears on the current page.</doc>
<arguments>
<arg>Find Owner</arg>
</arguments>
<status status="PASS" starttime="20220130 21:41:47.080" endtime="20220130 21:41:47.090"></status>
</kw>
<kw name="Click Link" library="SeleniumLibrary">
<doc>Clicks a link identified by ``locator``.</doc>
<arguments>
<arg>xpath:${Add_Owner_Btn}</arg>
</arguments>
<msg timestamp="20220130 21:41:47.090" level="INFO">Clicking link 'xpath://*[@id='search-owner-form']//a'.</msg>
<status status="PASS" starttime="20220130 21:41:47.090" endtime="20220130 21:41:47.224"></status>
</kw>
<status status="PASS" starttime="20220130 21:41:47.080" endtime="20220130 21:41:47.225"></status>
</kw>
<kw name="Add Owner" library="OwnerPage">
<arguments>
<arg>${first_name}</arg>
<arg>${last_name}</arg>
<arg>${address}</arg>
<arg>${country}</arg>
<arg>${phone_number}</arg>
</arguments>
<kw name="Wait Until Page Contains" library="SeleniumLibrary">
<doc>Waits until ``text`` appears on the current page.</doc>
<arguments>
<arg>Owner</arg>
</arguments>
<status status="PASS" starttime="20220130 21:41:47.226" endtime="20220130 21:41:47.238"></status>
</kw>
<kw name="Input Text" library="SeleniumLibrary">
<doc>Types the given ``text`` into the text field identified by ``locator``.</doc>
<arguments>
<arg>css:${Input_First_Name}</arg>
<arg>${first_name}</arg>
</arguments>
<msg timestamp="20220130 21:41:47.238" level="INFO">Typing text 'Valerie' into text field 'css:input[id='firstName']'.</msg>
<status status="PASS" starttime="20220130 21:41:47.238" endtime="20220130 21:41:47.307"></status>
</kw>
<kw name="Input Text" library="SeleniumLibrary">
<doc>Types the given ``text`` into the text field identified by ``locator``.</doc>
<arguments>
<arg>css:${Input_Last_Name}</arg>
<arg>${last_name}</arg>
</arguments>
<msg timestamp="20220130 21:41:47.308" level="INFO">Typing text 'Rogers' into text field 'css:input[id='lastName']'.</msg>
<status status="PASS" starttime="20220130 21:41:47.308" endtime="20220130 21:41:47.372"></status>
</kw>
<kw name="Input Text" library="SeleniumLibrary">
<doc>Types the given ``text`` into the text field identified by ``locator``.</doc>
<arguments>
<arg>css:${Input_Address}</arg>
<arg>${address}</arg>
</arguments>
<msg timestamp="20220130 21:41:47.373" level="INFO">Typing text '22 Est Coast England' into text field 'css:input[id='address']'.</msg>
<status status="PASS" starttime="20220130 21:41:47.372" endtime="20220130 21:41:47.443"></status>
</kw>
<kw name="Sleep" library="BuiltIn">
<doc>Pauses the test executed for the given time.</doc>
<arguments>
<arg>5</arg>
</arguments>
<msg timestamp="20220130 21:41:52.455" level="INFO">Slept 5 seconds</msg>
<status status="PASS" starttime="20220130 21:41:47.443" endtime="20220130 21:41:52.455"></status>
</kw>
<kw name="Input Text" library="SeleniumLibrary">
<doc>Types the given ``text`` into the text field identified by ``locator``.</doc>
<arguments>
<arg>css:${Input_City}</arg>
<arg>${country}</arg>
</arguments>
<msg timestamp="20220130 21:41:52.456" level="INFO">Typing text 'Kenya' into text field 'css:input[id='city']'.</msg>
<status status="PASS" starttime="20220130 21:41:52.455" endtime="20220130 21:41:52.533"></status>
</kw>
<kw name="Input Text" library="SeleniumLibrary">
<doc>Types the given ``text`` into the text field identified by ``locator``.</doc>
<arguments>
<arg>css:${Input_Telephone}</arg>
<arg>${phone_number}</arg>
</arguments>
<msg timestamp="20220130 21:41:52.533" level="INFO">Typing text '906060050' into text field 'css:input[id='telephone']'.</msg>
<status status="PASS" starttime="20220130 21:41:52.533" endtime="20220130 21:41:52.601"></status>
</kw>
<status status="PASS" starttime="20220130 21:41:47.225" endtime="20220130 21:41:52.601"></status>
</kw>
<status status="PASS" starttime="20220130 21:41:47.077" endtime="20220130 21:41:52.601"></status>
</kw>
<kw name="Submit New Owner" library="PetClinic">
<kw name="Submit Owner Button" library="OwnerPage">
<kw name="Click Button" library="SeleniumLibrary">
<doc>Clicks the button identified by ``locator``.</doc>
<arguments>
<arg>${Submit_Owner_Btn}</arg>
</arguments>
<msg timestamp="20220130 21:41:52.602" level="INFO">Clicking button '//*[@id='add-owner-form']//button'.</msg>
<status status="PASS" starttime="20220130 21:41:52.602" endtime="20220130 21:41:52.729"></status>
</kw>
<status status="PASS" starttime="20220130 21:41:52.601" endtime="20220130 21:41:52.729"></status>
</kw>
<kw name="Sleep" library="BuiltIn">
<doc>Pauses the test executed for the given time.</doc>
<arguments>
<arg>5</arg>
</arguments>
<msg timestamp="20220130 21:41:57.738" level="INFO">Slept 5 seconds</msg>
<status status="PASS" starttime="20220130 21:41:52.729" endtime="20220130 21:41:57.738"></status>
</kw>
<status status="PASS" starttime="20220130 21:41:52.601" endtime="20220130 21:41:57.740"></status>
</kw>
<kw name="Verify Added Owner Information Is Correct" library="OwnerPage">
<arguments>
<arg>${first_name}</arg>
<arg>${last_name}</arg>
<arg>${address}</arg>
<arg>${country}</arg>
<arg>${phone_number}</arg>
</arguments>
<kw name="Wait Until Element Is Visible" library="SeleniumLibrary">
<doc>Waits until the element ``locator`` is visible.</doc>
<arguments>
<arg>css:${Owner_Information_Txt}</arg>
</arguments>
<status status="PASS" starttime="20220130 21:41:57.742" endtime="20220130 21:41:57.779"></status>
</kw>
<kw name="Get Text" library="SeleniumLibrary">
<doc>Returns the text value of the element identified by ``locator``.</doc>
<arguments>
<arg>css:${Name_Txt}</arg>
</arguments>
<assign>
<var>${Person_Name}</var>
</assign>
<msg timestamp="20220130 21:41:57.796" level="INFO">${Person_Name} = Valerie Rogers</msg>
<status status="PASS" starttime="20220130 21:41:57.779" endtime="20220130 21:41:57.796"></status>
</kw>
<kw name="Log" library="BuiltIn">
<doc>Logs the given message with the given level.</doc>
<arguments>
<arg>${Person_Name}</arg>
</arguments>
<msg timestamp="20220130 21:41:57.796" level="INFO">Valerie Rogers</msg>
<status status="PASS" starttime="20220130 21:41:57.796" endtime="20220130 21:41:57.796"></status>
</kw>
<kw name="Log" library="BuiltIn">
<doc>Logs the given message with the given level.</doc>
<arguments>
<arg>${first_name}</arg>
</arguments>
<msg timestamp="20220130 21:41:57.797" level="INFO">Valerie</msg>
<status status="PASS" starttime="20220130 21:41:57.796" endtime="20220130 21:41:57.797"></status>
</kw>
<kw name="Log" library="BuiltIn">
<doc>Logs the given message with the given level.</doc>
<arguments>
<arg>${address}</arg>
</arguments>
<msg timestamp="20220130 21:41:57.797" level="INFO">22 Est Coast England</msg>
<status status="PASS" starttime="20220130 21:41:57.797" endtime="20220130 21:41:57.797"></status>
</kw>
<kw name="Get Text" library="SeleniumLibrary">
<doc>Returns the text value of the element identified by ``locator``.</doc>
<arguments>
<arg>css:${Address_Txt}</arg>
</arguments>
<assign>
<var>${Person_Address}</var>
</assign>
<msg timestamp="20220130 21:41:57.813" level="INFO">${Person_Address} = 22 Est Coast England</msg>
<status status="PASS" starttime="20220130 21:41:57.797" endtime="20220130 21:41:57.814"></status>
</kw>
<kw name="Get Text" library="SeleniumLibrary">
<doc>Returns the text value of the element identified by ``locator``.</doc>
<arguments>
<arg>css:${City_Txt}</arg>
</arguments>
<assign>
<var>${Person_City}</var>
</assign>
<msg timestamp="20220130 21:41:57.832" level="INFO">${Person_City} = Kenya</msg>
<status status="PASS" starttime="20220130 21:41:57.814" endtime="20220130 21:41:57.832"></status>
</kw>
<kw name="Get Text" library="SeleniumLibrary">
<doc>Returns the text value of the element identified by ``locator``.</doc>
<arguments>
<arg>css:${Telephone_Txt}</arg>
</arguments>
<assign>
<var>${Person_Telephone}</var>
</assign>
<msg timestamp="20220130 21:41:57.849" level="INFO">${Person_Telephone} = 906060050</msg>
<status status="PASS" starttime="20220130 21:41:57.832" endtime="20220130 21:41:57.849"></status>
</kw>
<kw name="Evaluate" library="BuiltIn">
<doc>Evaluates the given expression in Python and returns the result.</doc>
<arguments>
<arg>'${first_name}'+" "+'${last_name}'</arg>
</arguments>
<assign>
<var>${Full_Name}</var>
</assign>
<msg timestamp="20220130 21:41:57.850" level="INFO">${Full_Name} = Valerie Rogers</msg>
<status status="PASS" starttime="20220130 21:41:57.849" endtime="20220130 21:41:57.850"></status>
</kw>
<kw name="Log" library="BuiltIn">
<doc>Logs the given message with the given level.</doc>
<arguments>
<arg>${Full_Name}</arg>
</arguments>
<msg timestamp="20220130 21:41:57.850" level="INFO">Valerie Rogers</msg>
<status status="PASS" starttime="20220130 21:41:57.850" endtime="20220130 21:41:57.850"></status>
</kw>
<kw name="Log" library="BuiltIn">
<doc>Logs the given message with the given level.</doc>
<arguments>
<arg>${Person_Address}</arg>
</arguments>
<msg timestamp="20220130 21:41:57.850" level="INFO">22 Est Coast England</msg>
<status status="PASS" starttime="20220130 21:41:57.850" endtime="20220130 21:41:57.850"></status>
</kw>
<kw name="Sleep" library="BuiltIn">
<doc>Pauses the test executed for the given time.</doc>
<arguments>
<arg>5</arg>
</arguments>
<msg timestamp="20220130 21:42:02.854" level="INFO">Slept 5 seconds</msg>
<status status="PASS" starttime="20220130 21:41:57.850" endtime="20220130 21:42:02.854"></status>
</kw>
<kw name="Should Be Equal As Strings" library="BuiltIn">
<doc>Fails if objects are unequal after converting them to strings.</doc>
<arguments>
<arg>'${Full_Name}'</arg>
<arg>'${Person_Name}'</arg>
</arguments>
<status status="PASS" starttime="20220130 21:42:02.854" endtime="20220130 21:42:02.855"></status>
</kw>
<kw name="Should Be Equal As Strings" library="BuiltIn">
<doc>Fails if objects are unequal after converting them to strings.</doc>
<arguments>
<arg>'${address}'</arg>
<arg>'${Person_Address}'</arg>
</arguments>
<status status="PASS" starttime="20220130 21:42:02.855" endtime="20220130 21:42:02.855"></status>
</kw>
<kw name="Should Be Equal As Strings" library="BuiltIn">
<doc>Fails if objects are unequal after converting them to strings.</doc>
<arguments>
<arg>'${country}'</arg>
<arg>'${Person_City}'</arg>
</arguments>
<status status="PASS" starttime="20220130 21:42:02.855" endtime="20220130 21:42:02.856"></status>
</kw>
<kw name="Should Be Equal As Strings" library="BuiltIn">
<doc>Fails if objects are unequal after converting them to strings.</doc>
<arguments>
<arg>'${phone_number}'</arg>
<arg>'${Person_Telephone}'</arg>
</arguments>
<status status="PASS" starttime="20220130 21:42:02.856" endtime="20220130 21:42:02.856"></status>
</kw>
<status status="PASS" starttime="20220130 21:41:57.740" endtime="20220130 21:42:02.857"></status>
</kw>
<kw name="Add a New Pet" library="PetClinic">
<arguments>
<arg>${first_name}</arg>
<arg>${Pet_Catagory}</arg>
<arg>${Date_Of_Birth}</arg>
</arguments>
<kw name="Set Global Variable" library="BuiltIn">
<doc>Makes a variable available globally in all tests and suites.</doc>
<arguments>
<arg>${Pet_Catagory}</arg>
</arguments>
<msg timestamp="20220130 21:42:02.858" level="INFO">${Pet_Catagory} = lizard</msg>
<status status="PASS" starttime="20220130 21:42:02.858" endtime="20220130 21:42:02.859"></status>
</kw>
<kw name="Set Global Variable" library="BuiltIn">
<doc>Makes a variable available globally in all tests and suites.</doc>
<arguments>
<arg>${Date_Of_Birth}</arg>
</arguments>
<msg timestamp="20220130 21:42:02.859" level="INFO">${Date_Of_Birth} = 05-04-2021</msg>
<status status="PASS" starttime="20220130 21:42:02.859" endtime="20220130 21:42:02.859"></status>
</kw>
<kw name="Click on the Add New Pet Button" library="PetPage">
<kw name="Click Link" library="SeleniumLibrary">
<doc>Clicks a link identified by ``locator``.</doc>
<arguments>
<arg>css:${Add_New_Pet_Btn}</arg>
</arguments>
<msg timestamp="20220130 21:42:02.860" level="INFO">Clicking link 'css:div &gt; div &gt; a:nth-child(4)'.</msg>
<status status="PASS" starttime="20220130 21:42:02.860" endtime="20220130 21:42:02.992"></status>
</kw>
<status status="PASS" starttime="20220130 21:42:02.859" endtime="20220130 21:42:02.992"></status>
</kw>
<kw name="Add New Pet" library="PetPage">
<arguments>
<arg>${first_name}</arg>
<arg>${Pet_Catagory}</arg>
<arg>${Date_Of_Birth}</arg>
</arguments>
<kw name="Set Global Variable" library="BuiltIn">
<doc>Makes a variable available globally in all tests and suites.</doc>
<arguments>
<arg>${Date_Of_Birth}</arg>
</arguments>
<msg timestamp="20220130 21:42:02.993" level="INFO">${Date_Of_Birth} = 05-04-2021</msg>
<status status="PASS" starttime="20220130 21:42:02.993" endtime="20220130 21:42:02.993"></status>
</kw>
<kw name="Wait Until Element Is Visible" library="SeleniumLibrary">
<doc>Waits until the element ``locator`` is visible.</doc>
<arguments>
<arg>css:${New_Pet_Txt}</arg>
</arguments>
<status status="PASS" starttime="20220130 21:42:02.993" endtime="20220130 21:42:03.018"></status>
</kw>
<kw name="Input Text" library="SeleniumLibrary">
<doc>Types the given ``text`` into the text field identified by ``locator``.</doc>
<arguments>
<arg>css:${Pet_Name}</arg>
<arg>${first_name}</arg>
</arguments>
<msg timestamp="20220130 21:42:03.018" level="INFO">Typing text 'Valerie' into text field 'css:input[id='name']'.</msg>
<status status="PASS" starttime="20220130 21:42:03.018" endtime="20220130 21:42:03.075"></status>
</kw>
<kw name="Click Element" library="SeleniumLibrary">
<doc>Click the element identified by ``locator``.</doc>
<arguments>
<arg>css:${Birth_Date}</arg>
</arguments>
<msg timestamp="20220130 21:42:03.076" level="INFO">Clicking element 'css:input[id='birthDate']'.</msg>
<status status="PASS" starttime="20220130 21:42:03.076" endtime="20220130 21:42:03.126"></status>
</kw>
<kw name="Input Text" library="SeleniumLibrary">
<doc>Types the given ``text`` into the text field identified by ``locator``.</doc>
<arguments>
<arg>css:${Birth_Date}</arg>
<arg>${Date_Of_Birth}</arg>
</arguments>
<msg timestamp="20220130 21:42:03.126" level="INFO">Typing text '05-04-2021' into text field 'css:input[id='birthDate']'.</msg>
<status status="PASS" starttime="20220130 21:42:03.126" endtime="20220130 21:42:03.186"></status>
</kw>
<kw name="Click Element" library="SeleniumLibrary">
<doc>Click the element identified by ``locator``.</doc>
<arguments>
<arg>xpath:${Pet_Type}</arg>
</arguments>
<msg timestamp="20220130 21:42:03.187" level="INFO">Clicking element 'xpath://select[@id='type']'.</msg>
<status status="PASS" starttime="20220130 21:42:03.187" endtime="20220130 21:42:03.237"></status>
</kw>
<kw name="Log" library="BuiltIn">
<doc>Logs the given message with the given level.</doc>
<arguments>
<arg>${Pet_Type}</arg>
</arguments>
<msg timestamp="20220130 21:42:03.237" level="INFO">//select[@id='type']</msg>
<status status="PASS" starttime="20220130 21:42:03.237" endtime="20220130 21:42:03.237"></status>
</kw>
<kw name="Sleep" library="BuiltIn">
<doc>Pauses the test executed for the given time.</doc>
<arguments>
<arg>1</arg>
</arguments>
<msg timestamp="20220130 21:42:04.243" level="INFO">Slept 1 second</msg>
<status status="PASS" starttime="20220130 21:42:03.237" endtime="20220130 21:42:04.243"></status>
</kw>
<kw name="Select From List By Value" library="SeleniumLibrary">
<doc>Selects options from selection list ``locator`` by ``values``.</doc>
<arguments>
<arg>xpath:${Pet_Type}</arg>
<arg>${Pet_Catagory}</arg>
</arguments>
<msg timestamp="20220130 21:42:04.243" level="INFO">Selecting options from selection list 'xpath://select[@id='type']' by value lizard.</msg>
<status status="PASS" starttime="20220130 21:42:04.243" endtime="20220130 21:42:04.350"></status>
</kw>
<kw name="Sleep" library="BuiltIn">
<doc>Pauses the test executed for the given time.</doc>
<arguments>
<arg>1</arg>
</arguments>
<msg timestamp="20220130 21:42:05.351" level="INFO">Slept 1 second</msg>
<status status="PASS" starttime="20220130 21:42:04.350" endtime="20220130 21:42:05.351"></status>
</kw>
<kw name="Click On Pet Submit Button" library="PetPage">
<kw name="Click Button" library="SeleniumLibrary">
<doc>Clicks the button identified by ``locator``.</doc>
<arguments>
<arg>css:${Submit_Btn}</arg>
</arguments>
<msg timestamp="20220130 21:42:05.354" level="INFO">Clicking button 'css:.col-sm-offset-2 &gt; button'.</msg>
<status status="PASS" starttime="20220130 21:42:05.353" endtime="20220130 21:42:05.543"></status>
</kw>
<status status="PASS" starttime="20220130 21:42:05.352" endtime="20220130 21:42:05.543"></status>
</kw>
<status status="PASS" starttime="20220130 21:42:02.992" endtime="20220130 21:42:05.544"></status>
</kw>
<kw name="Sleep" library="BuiltIn">
<doc>Pauses the test executed for the given time.</doc>
<arguments>
<arg>5</arg>
</arguments>
<msg timestamp="20220130 21:42:10.550" level="INFO">Slept 5 seconds</msg>
<status status="PASS" starttime="20220130 21:42:05.544" endtime="20220130 21:42:10.550"></status>
</kw>
<status status="PASS" starttime="20220130 21:42:02.857" endtime="20220130 21:42:10.551"></status>
</kw>
<kw name="Verify Added Pet Information Is Correct" library="PetPage">
<arguments>
<arg>${first_name}</arg>
<arg>${Pet_Catagory}</arg>
<arg>${Date_Of_Birth}</arg>
</arguments>
<kw name="Wait Until Page Contains" library="SeleniumLibrary">
<doc>Waits until ``text`` appears on the current page.</doc>
<arguments>
<arg>Pets and Visits</arg>
</arguments>
<status status="PASS" starttime="20220130 21:42:10.554" endtime="20220130 21:42:10.583"></status>
</kw>
<kw name="Get Text" library="SeleniumLibrary">
<doc>Returns the text value of the element identified by ``locator``.</doc>
<arguments>
<arg>xpath:${Name_Pet_Txt}</arg>
</arguments>
<assign>
<var>${Pet_Name}</var>
</assign>
<msg timestamp="20220130 21:42:10.613" level="INFO">${Pet_Name} = Valerie</msg>
<status status="PASS" starttime="20220130 21:42:10.584" endtime="20220130 21:42:10.613"></status>
</kw>
<kw name="Get Text" library="SeleniumLibrary">
<doc>Returns the text value of the element identified by ``locator``.</doc>
<arguments>
<arg>xpath:${Pet_Type_Txt}</arg>
</arguments>
<assign>
<var>${Pet_Type}</var>
</assign>
<msg timestamp="20220130 21:42:10.631" level="INFO">${Pet_Type} = lizard</msg>
<status status="PASS" starttime="20220130 21:42:10.613" endtime="20220130 21:42:10.631"></status>
</kw>
<kw name="Get Text" library="SeleniumLibrary">
<doc>Returns the text value of the element identified by ``locator``.</doc>
<arguments>
<arg>xpath:${Pet_Birth_Txt}</arg>
</arguments>
<assign>
<var>${Pet_Birth_Date}</var>
</assign>
<msg timestamp="20220130 21:42:10.648" level="INFO">${Pet_Birth_Date} = 2021-04-05</msg>
<status status="PASS" starttime="20220130 21:42:10.631" endtime="20220130 21:42:10.648"></status>
</kw>
<kw name="Convert Date" library="DateTime">
<doc>Converts between supported `date formats`.</doc>
<arguments>
<arg>${Pet_Birth_Date}</arg>
<arg>result_format=%d-%m-%Y</arg>
</arguments>
<assign>
<var>${Conver_Date}</var>
</assign>
<msg timestamp="20220130 21:42:10.651" level="INFO">${Conver_Date} = 05-04-2021</msg>
<status status="PASS" starttime="20220130 21:42:10.648" endtime="20220130 21:42:10.651"></status>
</kw>
<kw name="Log" library="BuiltIn">
<doc>Logs the given message with the given level.</doc>
<arguments>
<arg>${Conver_Date}</arg>
</arguments>
<msg timestamp="20220130 21:42:10.651" level="INFO">05-04-2021</msg>
<status status="PASS" starttime="20220130 21:42:10.651" endtime="20220130 21:42:10.651"></status>
</kw>
<kw name="Should Be Equal As Strings" library="BuiltIn">
<doc>Fails if objects are unequal after converting them to strings.</doc>
<arguments>
<arg>'${first_name}'</arg>
<arg>'${Pet_Name}'</arg>
</arguments>
<status status="PASS" starttime="20220130 21:42:10.651" endtime="20220130 21:42:10.651"></status>
</kw>
<kw name="Should Be Equal As Strings" library="BuiltIn">
<doc>Fails if objects are unequal after converting them to strings.</doc>
<arguments>
<arg>'${Date_Of_Birth}'</arg>
<arg>'${Conver_Date}'</arg>
</arguments>
<status status="PASS" starttime="20220130 21:42:10.651" endtime="20220130 21:42:10.652"></status>
</kw>
<kw name="Should Be Equal As Strings" library="BuiltIn">
<doc>Fails if objects are unequal after converting them to strings.</doc>
<arguments>
<arg>'${Pet_Catagory}'</arg>
<arg>'${Pet_Type}'</arg>
</arguments>
<status status="PASS" starttime="20220130 21:42:10.652" endtime="20220130 21:42:10.652"></status>
</kw>
<status status="PASS" starttime="20220130 21:42:10.553" endtime="20220130 21:42:10.652"></status>
</kw>
<kw name="End Web Test" library="Common" type="teardown">
<kw name="Close Browser" library="SeleniumLibrary">
<doc>Closes the current browser.</doc>
<status status="PASS" starttime="20220130 21:42:10.653" endtime="20220130 21:42:13.150"></status>
</kw>
<status status="PASS" starttime="20220130 21:42:10.653" endtime="20220130 21:42:13.150"></status>
</kw>
<doc>Add a New Ower and a Pet for that Owner</doc>
<tags>
<tag>current</tag>
</tags>
<status status="PASS" starttime="20220130 21:41:42.443" endtime="20220130 21:42:13.152" critical="yes"></status>
</test>
<test id="s1-t3" name="Find All the Existing Owner Which are Added in Application">
<kw name="Begin Web Test Cases" library="Common" type="setup">
<kw name="Open Browser" library="SeleniumLibrary">
<doc>Opens a new browser instance to the optional ``url``.</doc>
<arguments>
<arg>about:blank</arg>
<arg>${BROWSER}</arg>
</arguments>
<msg timestamp="20220130 21:42:13.160" level="INFO">Opening browser 'chrome' to base url 'about:blank'.</msg>
<status status="PASS" starttime="20220130 21:42:13.159" endtime="20220130 21:42:14.399"></status>
</kw>
<kw name="Maximize Browser Window" library="SeleniumLibrary">
<doc>Maximizes current browser window.</doc>
<status status="PASS" starttime="20220130 21:42:14.399" endtime="20220130 21:42:14.520"></status>
</kw>
<status status="PASS" starttime="20220130 21:42:13.158" endtime="20220130 21:42:14.521"></status>
</kw>
<kw name="Find All Owner" library="OwnerPage">
<kw name="Click on the Find Owner Tab" library="Common">
<kw name="Load" library="LandingPage">
<kw name="Go To" library="SeleniumLibrary">
<doc>Navigates the current browser window to the provided ``url``.</doc>
<arguments>
<arg>${START_URL}</arg>
</arguments>
<msg timestamp="20220130 21:42:14.529" level="INFO">Opening url 'http://localhost:8080/'</msg>
<status status="PASS" starttime="20220130 21:42:14.529" endtime="20220130 21:42:14.729"></status>
</kw>
<status status="PASS" starttime="20220130 21:42:14.527" endtime="20220130 21:42:14.729"></status>
</kw>
<kw name="Click on the Find Owners" library="PetClinicLandingPage">
<kw name="Wait Until Page Contains" library="SeleniumLibrary">
<doc>Waits until ``text`` appears on the current page.</doc>
<arguments>
<arg>Welcome</arg>
</arguments>
<status status="PASS" starttime="20220130 21:42:14.730" endtime="20220130 21:42:14.746"></status>
</kw>
<kw name="Click Link" library="SeleniumLibrary">
<doc>Clicks a link identified by ``locator``.</doc>
<arguments>
<arg>css:${Find_Owner_Txt}</arg>
</arguments>
<msg timestamp="20220130 21:42:14.746" level="INFO">Clicking link 'css:ul &gt; li:nth-child(2) &gt; a'.</msg>
<status status="PASS" starttime="20220130 21:42:14.746" endtime="20220130 21:42:14.861"></status>
</kw>
<status status="PASS" starttime="20220130 21:42:14.729" endtime="20220130 21:42:14.862"></status>
</kw>
<kw name="Sleep" library="BuiltIn">
<doc>Pauses the test executed for the given time.</doc>
<arguments>
<arg>3</arg>
</arguments>
<msg timestamp="20220130 21:42:17.865" level="INFO">Slept 3 seconds</msg>
<status status="PASS" starttime="20220130 21:42:14.862" endtime="20220130 21:42:17.865"></status>
</kw>
<status status="PASS" starttime="20220130 21:42:14.526" endtime="20220130 21:42:17.865"></status>
</kw>
<kw name="Click Button" library="SeleniumLibrary">
<doc>Clicks the button identified by ``locator``.</doc>
<arguments>
<arg>css:${Find_Owner_Btn}</arg>
</arguments>
<msg timestamp="20220130 21:42:17.865" level="INFO">Clicking button 'css:div:nth-child(2) &gt; div &gt; button'.</msg>
<status status="PASS" starttime="20220130 21:42:17.865" endtime="20220130 21:42:18.020"></status>
</kw>
<status status="PASS" starttime="20220130 21:42:14.524" endtime="20220130 21:42:18.021"></status>
</kw>
<kw name="End Web Test" library="Common" type="teardown">
<kw name="Close Browser" library="SeleniumLibrary">
<doc>Closes the current browser.</doc>
<status status="PASS" starttime="20220130 21:42:18.023" endtime="20220130 21:42:20.970"></status>
</kw>
<status status="PASS" starttime="20220130 21:42:18.022" endtime="20220130 21:42:20.970"></status>
</kw>
<doc>Find All The Existing Owner</doc>
<tags>
<tag>owner</tag>
</tags>
<status status="PASS" starttime="20220130 21:42:13.155" endtime="20220130 21:42:20.971" critical="yes"></status>
</test>
<test id="s1-t4" name="Verify Image On Landing Page">
<kw name="Begin Web Test Cases" library="Common" type="setup">
<kw name="Open Browser" library="SeleniumLibrary">
<doc>Opens a new browser instance to the optional ``url``.</doc>
<arguments>
<arg>about:blank</arg>
<arg>${BROWSER}</arg>
</arguments>
<msg timestamp="20220130 21:42:20.980" level="INFO">Opening browser 'chrome' to base url 'about:blank'.</msg>
<status status="PASS" starttime="20220130 21:42:20.979" endtime="20220130 21:42:22.183"></status>
</kw>
<kw name="Maximize Browser Window" library="SeleniumLibrary">
<doc>Maximizes current browser window.</doc>
<status status="PASS" starttime="20220130 21:42:22.183" endtime="20220130 21:42:22.308"></status>
</kw>
<status status="PASS" starttime="20220130 21:42:20.978" endtime="20220130 21:42:22.308"></status>
</kw>
<kw name="Image Should be Present" library="PetClinic">
<kw name="Load" library="LandingPage">
<kw name="Go To" library="SeleniumLibrary">
<doc>Navigates the current browser window to the provided ``url``.</doc>
<arguments>
<arg>${START_URL}</arg>
</arguments>
<msg timestamp="20220130 21:42:22.313" level="INFO">Opening url 'http://localhost:8080/'</msg>
<status status="PASS" starttime="20220130 21:42:22.312" endtime="20220130 21:42:22.518"></status>
</kw>
<status status="PASS" starttime="20220130 21:42:22.311" endtime="20220130 21:42:22.518"></status>
</kw>
<kw name="Page Should Contain Image" library="SeleniumLibrary">
<doc>Verifies image identified by ``locator`` is found from current page.</doc>
<arguments>
<arg>css:${Welcome_Image}</arg>
</arguments>
<msg timestamp="20220130 21:42:22.536" level="INFO">Current page contains image 'css:.img-responsive'.</msg>
<status status="PASS" starttime="20220130 21:42:22.518" endtime="20220130 21:42:22.536"></status>
</kw>
<status status="PASS" starttime="20220130 21:42:22.310" endtime="20220130 21:42:22.536"></status>
</kw>
<kw name="End Web Test" library="Common" type="teardown">
<kw name="Close Browser" library="SeleniumLibrary">
<doc>Closes the current browser.</doc>
<status status="PASS" starttime="20220130 21:42:22.538" endtime="20220130 21:42:25.021"></status>
</kw>
<status status="PASS" starttime="20220130 21:42:22.537" endtime="20220130 21:42:25.021"></status>
</kw>
<doc>Find All The Existing Owner</doc>
<tags>
<tag>Image</tag>
</tags>
<status status="PASS" starttime="20220130 21:42:20.975" endtime="20220130 21:42:25.022" critical="yes"></status>
</test>
<doc>This is some basic info about Suit</doc>
<status status="PASS" starttime="20220130 21:41:33.764" endtime="20220130 21:42:25.024"></status>
</suite>
<statistics>
<total>
<stat pass="4" fail="0">Critical Tests</stat>
<stat pass="4" fail="0">All Tests</stat>
</total>
<tag>
<stat pass="1" fail="0">current</stat>
<stat pass="1" fail="0">Image</stat>
<stat pass="1" fail="0">owner</stat>
<stat pass="1" fail="0">smoke</stat>
</tag>
<suite>
<stat pass="4" fail="0" id="s1" name="PetClinic">PetClinic</stat>
</suite>
</statistics>
<errors>
</errors>
</robot>
