<?xml version="1.0" encoding="UTF-8"?>
<robot generator="Robot 3.2.2 (Python 3.6.5 on win32)" generated="20201004 19:54:04.712" rpa="false">
<suite id="s1" name="Test" source="C:\Development\robot-script\first-script\amazon\Test">
<suite id="s1-s1" name="Amazon" source="C:\Development\robot-script\first-script\amazon\Test\Amazon.robot">
<test id="s1-s1-t1" name="User must sign in to check out">
<kw name="Begin Web Test Cases" library="Common" type="setup">
<kw name="Open Browser" library="SeleniumLibrary">
<doc>Opens a new browser instance to the optional ``url``.</doc>
<arguments>
<arg>about:blank</arg>
<arg>Chrome</arg>
</arguments>
<msg timestamp="20201004 19:54:04.936" level="INFO">Opening browser 'Chrome' to base url 'about:blank'.</msg>
<status status="PASS" starttime="20201004 19:54:04.936" endtime="20201004 19:54:07.993"></status>
</kw>
<status status="PASS" starttime="20201004 19:54:04.936" endtime="20201004 19:54:07.993"></status>
</kw>
<kw name="Search For the Product" library="Amazon">
<kw name="Load" library="LandingPage">
<kw name="Go To" library="SeleniumLibrary">
<doc>Navigates the current browser window to the provided ``url``.</doc>
<arguments>
<arg>http://www.amazon.com</arg>
</arguments>
<msg timestamp="20201004 19:54:07.997" level="INFO">Opening url 'http://www.amazon.com'</msg>
<status status="PASS" starttime="20201004 19:54:07.997" endtime="20201004 19:54:10.974"></status>
</kw>
<status status="PASS" starttime="20201004 19:54:07.997" endtime="20201004 19:54:10.974"></status>
</kw>
<kw name="Varify Page Loaded" library="LandingPage">
<kw name="Wait Until Page Contains" library="SeleniumLibrary">
<doc>Waits until ``text`` appears on the current page.</doc>
<arguments>
<arg>Today's Deals</arg>
</arguments>
<status status="PASS" starttime="20201004 19:54:10.974" endtime="20201004 19:54:10.990"></status>
</kw>
<status status="PASS" starttime="20201004 19:54:10.974" endtime="20201004 19:54:10.990"></status>
</kw>
<kw name="Search For Product" library="TopNav">
<kw name="Enter Search Term" library="TopNav">
<kw name="Input Text" library="SeleniumLibrary">
<doc>Types the given ``text`` into the text field identified by ``locator``.</doc>
<arguments>
<arg>id=twotabsearchtextbox</arg>
<arg>samsung s10</arg>
</arguments>
<msg timestamp="20201004 19:54:10.990" level="INFO">Typing text 'samsung s10' into text field 'id=twotabsearchtextbox'.</msg>
<status status="PASS" starttime="20201004 19:54:10.990" endtime="20201004 19:54:11.137"></status>
</kw>
<status status="PASS" starttime="20201004 19:54:10.990" endtime="20201004 19:54:11.137"></status>
</kw>
<kw name="Submit Search" library="TopNav">
<kw name="Click Button" library="SeleniumLibrary">
<doc>Clicks the button identified by ``locator``.</doc>
<arguments>
<arg>css=.nav-search-submit.nav-sprite .nav-input</arg>
</arguments>
<msg timestamp="20201004 19:54:11.137" level="INFO">Clicking button 'css=.nav-search-submit.nav-sprite .nav-input'.</msg>
<status status="PASS" starttime="20201004 19:54:11.137" endtime="20201004 19:54:13.324"></status>
</kw>
<status status="PASS" starttime="20201004 19:54:11.137" endtime="20201004 19:54:13.324"></status>
</kw>
<status status="PASS" starttime="20201004 19:54:10.990" endtime="20201004 19:54:13.324"></status>
</kw>
<kw name="Verify Search Completed" library="SearchResult">
<kw name="Wait Until Page Contains" library="SeleniumLibrary">
<doc>Waits until ``text`` appears on the current page.</doc>
<arguments>
<arg>results for "samsung s10"</arg>
</arguments>
<status status="PASS" starttime="20201004 19:54:13.324" endtime="20201004 19:54:13.344"></status>
</kw>
<status status="PASS" starttime="20201004 19:54:13.324" endtime="20201004 19:54:13.344"></status>
</kw>
<status status="PASS" starttime="20201004 19:54:07.997" endtime="20201004 19:54:13.344"></status>
</kw>
<kw name="Select Product from Search Result" library="Amazon">
<kw name="Click Product Link" library="SearchResult">
<doc>Clicks on the very first item in the Search Result</doc>
<kw name="Click Link" library="SeleniumLibrary">
<doc>Clicks a link identified by ``locator``.</doc>
<arguments>
<arg>css= div.s-main-slot.s-result-list.s-search-results.sg-row &gt; div:nth-child(1) &gt; div &gt; span &gt; div &gt; div &gt; div:nth-child(2) &gt; div.sg-col-4-of-12.sg-col-8-of-16.sg-col-16-of-24.sg-col-12-of-20.sg-col-24-of-32.sg-col.sg-col-28-of-36.sg-col-20-of-28 &gt; div &gt; div:nth-child(1) &gt; div &gt; div &gt; div:nth-child(1) &gt; h2 &gt; a</arg>
</arguments>
<msg timestamp="20201004 19:54:13.344" level="INFO">Clicking link 'css= div.s-main-slot.s-result-list.s-search-results.sg-row &gt; div:nth-child(1) &gt; div &gt; span &gt; div &gt; div &gt; div:nth-child(2) &gt; div.sg-col-4-of-12.sg-col-8-of-16.sg-col-16-of-24.sg-col-12-of-20.sg-col-24-of-32.sg-col.sg-col-28-of-36.sg-col-20-of-28 &gt; div &gt; div:nth-child(1) &gt; div &gt; div &gt; div:nth-child(1) &gt; h2 &gt; a'.</msg>
<status status="PASS" starttime="20201004 19:54:13.344" endtime="20201004 19:54:14.964"></status>
</kw>
<status status="PASS" starttime="20201004 19:54:13.344" endtime="20201004 19:54:14.964"></status>
</kw>
<kw name="Verify Page Loaded" library="Product">
<kw name="Wait Until Page Contains" library="SeleniumLibrary">
<doc>Waits until ``text`` appears on the current page.</doc>
<arguments>
<arg>Back to results</arg>
</arguments>
<status status="PASS" starttime="20201004 19:54:14.964" endtime="20201004 19:54:15.068"></status>
</kw>
<status status="PASS" starttime="20201004 19:54:14.964" endtime="20201004 19:54:15.068"></status>
</kw>
<status status="PASS" starttime="20201004 19:54:13.344" endtime="20201004 19:54:15.068"></status>
</kw>
<kw name="Add Product to Cart" library="Amazon">
<kw name="Add To Cart" library="Product">
<kw name="Sleep" library="BuiltIn">
<doc>Pauses the test executed for the given time.</doc>
<arguments>
<arg>3</arg>
</arguments>
<msg timestamp="20201004 19:54:18.070" level="INFO">Slept 3 seconds</msg>
<status status="PASS" starttime="20201004 19:54:15.068" endtime="20201004 19:54:18.070"></status>
</kw>
<kw name="Click Button" library="SeleniumLibrary">
<doc>Clicks the button identified by ``locator``.</doc>
<arguments>
<arg>css=[id*=add-to-cart-button]</arg>
</arguments>
<msg timestamp="20201004 19:54:18.070" level="INFO">Clicking button 'css=[id*=add-to-cart-button]'.</msg>
<status status="PASS" starttime="20201004 19:54:18.070" endtime="20201004 19:54:20.095"></status>
</kw>
<status status="PASS" starttime="20201004 19:54:15.068" endtime="20201004 19:54:20.095"></status>
</kw>
<kw name="Verify Product Added" library="Cart">
<kw name="Wait Until Page Contains" library="SeleniumLibrary">
<doc>Waits until ``text`` appears on the current page.</doc>
<arguments>
<arg>Added to Cart</arg>
</arguments>
<status status="PASS" starttime="20201004 19:54:20.095" endtime="20201004 19:54:20.123"></status>
</kw>
<status status="PASS" starttime="20201004 19:54:20.095" endtime="20201004 19:54:20.123"></status>
</kw>
<status status="PASS" starttime="20201004 19:54:15.068" endtime="20201004 19:54:20.123"></status>
</kw>
<kw name="Begin Checkout" library="Amazon">
<kw name="Proceed To Checkout" library="Cart">
<kw name="Click Link" library="SeleniumLibrary">
<doc>Clicks a link identified by ``locator``.</doc>
<arguments>
<arg>xpath=//*[@id="hlb-ptc-btn-native-bottom"]</arg>
</arguments>
<msg timestamp="20201004 19:54:20.123" level="INFO">Clicking link 'xpath=//*[@id="hlb-ptc-btn-native-bottom"]'.</msg>
<status status="PASS" starttime="20201004 19:54:20.123" endtime="20201004 19:54:21.359"></status>
</kw>
<status status="PASS" starttime="20201004 19:54:20.123" endtime="20201004 19:54:21.359"></status>
</kw>
<status status="PASS" starttime="20201004 19:54:20.123" endtime="20201004 19:54:21.359"></status>
</kw>
<kw name="End Web Test" library="Common" type="teardown">
<kw name="Close Browser" library="SeleniumLibrary">
<doc>Closes the current browser.</doc>
<status status="PASS" starttime="20201004 19:54:21.363" endtime="20201004 19:54:23.517"></status>
</kw>
<status status="PASS" starttime="20201004 19:54:21.359" endtime="20201004 19:54:23.517"></status>
</kw>
<doc>This is basic info about Test</doc>
<tags>
<tag>smoke</tag>
</tags>
<status status="PASS" starttime="20201004 19:54:04.936" endtime="20201004 19:54:23.517" critical="yes"></status>
</test>
<test id="s1-s1-t2" name="User search for the product">
<kw name="Begin Web Test Cases" library="Common" type="setup">
<kw name="Open Browser" library="SeleniumLibrary">
<doc>Opens a new browser instance to the optional ``url``.</doc>
<arguments>
<arg>about:blank</arg>
<arg>Chrome</arg>
</arguments>
<msg timestamp="20201004 19:54:23.525" level="INFO">Opening browser 'Chrome' to base url 'about:blank'.</msg>
<status status="PASS" starttime="20201004 19:54:23.525" endtime="20201004 19:54:26.624"></status>
</kw>
<status status="PASS" starttime="20201004 19:54:23.525" endtime="20201004 19:54:26.624"></status>
</kw>
<kw name="Search For the Product" library="Amazon">
<kw name="Load" library="LandingPage">
<kw name="Go To" library="SeleniumLibrary">
<doc>Navigates the current browser window to the provided ``url``.</doc>
<arguments>
<arg>http://www.amazon.com</arg>
</arguments>
<msg timestamp="20201004 19:54:26.628" level="INFO">Opening url 'http://www.amazon.com'</msg>
<status status="PASS" starttime="20201004 19:54:26.628" endtime="20201004 19:54:28.668"></status>
</kw>
<status status="PASS" starttime="20201004 19:54:26.624" endtime="20201004 19:54:28.668"></status>
</kw>
<kw name="Varify Page Loaded" library="LandingPage">
<kw name="Wait Until Page Contains" library="SeleniumLibrary">
<doc>Waits until ``text`` appears on the current page.</doc>
<arguments>
<arg>Today's Deals</arg>
</arguments>
<status status="PASS" starttime="20201004 19:54:28.668" endtime="20201004 19:54:28.696"></status>
</kw>
<status status="PASS" starttime="20201004 19:54:28.668" endtime="20201004 19:54:28.696"></status>
</kw>
<kw name="Search For Product" library="TopNav">
<kw name="Enter Search Term" library="TopNav">
<kw name="Input Text" library="SeleniumLibrary">
<doc>Types the given ``text`` into the text field identified by ``locator``.</doc>
<arguments>
<arg>id=twotabsearchtextbox</arg>
<arg>samsung s10</arg>
</arguments>
<msg timestamp="20201004 19:54:28.696" level="INFO">Typing text 'samsung s10' into text field 'id=twotabsearchtextbox'.</msg>
<status status="PASS" starttime="20201004 19:54:28.696" endtime="20201004 19:54:28.836"></status>
</kw>
<status status="PASS" starttime="20201004 19:54:28.696" endtime="20201004 19:54:28.836"></status>
</kw>
<kw name="Submit Search" library="TopNav">
<kw name="Click Button" library="SeleniumLibrary">
<doc>Clicks the button identified by ``locator``.</doc>
<arguments>
<arg>css=.nav-search-submit.nav-sprite .nav-input</arg>
</arguments>
<msg timestamp="20201004 19:54:28.836" level="INFO">Clicking button 'css=.nav-search-submit.nav-sprite .nav-input'.</msg>
<status status="PASS" starttime="20201004 19:54:28.836" endtime="20201004 19:54:31.387"></status>
</kw>
<status status="PASS" starttime="20201004 19:54:28.836" endtime="20201004 19:54:31.387"></status>
</kw>
<status status="PASS" starttime="20201004 19:54:28.696" endtime="20201004 19:54:31.387"></status>
</kw>
<kw name="Verify Search Completed" library="SearchResult">
<kw name="Wait Until Page Contains" library="SeleniumLibrary">
<doc>Waits until ``text`` appears on the current page.</doc>
<arguments>
<arg>results for "samsung s10"</arg>
</arguments>
<status status="PASS" starttime="20201004 19:54:31.387" endtime="20201004 19:54:31.451"></status>
</kw>
<status status="PASS" starttime="20201004 19:54:31.387" endtime="20201004 19:54:31.451"></status>
</kw>
<status status="PASS" starttime="20201004 19:54:26.624" endtime="20201004 19:54:31.451"></status>
</kw>
<kw name="End Web Test" library="Common" type="teardown">
<kw name="Close Browser" library="SeleniumLibrary">
<doc>Closes the current browser.</doc>
<status status="PASS" starttime="20201004 19:54:31.451" endtime="20201004 19:54:35.186"></status>
</kw>
<status status="PASS" starttime="20201004 19:54:31.451" endtime="20201004 19:54:35.186"></status>
</kw>
<doc>This is basic info about Test</doc>
<tags>
<tag>smoke</tag>
</tags>
<status status="PASS" starttime="20201004 19:54:23.525" endtime="20201004 19:54:35.186" critical="yes"></status>
</test>
<doc>This is some basic info about Suit</doc>
<status status="PASS" starttime="20201004 19:54:04.744" endtime="20201004 19:54:35.186"></status>
</suite>
<status status="PASS" starttime="20201004 19:54:04.720" endtime="20201004 19:54:35.186"></status>
</suite>
<statistics>
<total>
<stat pass="2" fail="0">Critical Tests</stat>
<stat pass="2" fail="0">All Tests</stat>
</total>
<tag>
<stat pass="2" fail="0">smoke</stat>
</tag>
<suite>
<stat pass="2" fail="0" id="s1" name="Test">Test</stat>
<stat pass="2" fail="0" id="s1-s1" name="Amazon">Test.Amazon</stat>
</suite>
</statistics>
<errors>
</errors>
</robot>
