<?xml version="1.0" encoding="UTF-8"?>
<robot generator="Robot 3.2.2 (Python 3.6.5 on win32)" generated="20220126 02:06:12.735" rpa="false">
<suite id="s1" name="Test" source="C:\Development\robot-script\first-script\amazon-variable ends\Test">
<suite id="s1-s1" name="Amazon" source="C:\Development\robot-script\first-script\amazon-variable ends\Test\Amazon.robot">
<test id="s1-s1-t1" name="User must sign in to check out">
<kw name="Begin Web Test Cases" library="Common" type="setup">
<kw name="Open Browser" library="SeleniumLibrary">
<doc>Opens a new browser instance to the optional ``url``.</doc>
<arguments>
<arg>about:blank</arg>
<arg>${BROWSER}</arg>
</arguments>
<msg timestamp="20220126 02:06:12.978" level="INFO">Opening browser 'chrome' to base url 'about:blank'.</msg>
<status status="PASS" starttime="20220126 02:06:12.978" endtime="20220126 02:06:14.475"></status>
</kw>
<status status="PASS" starttime="20220126 02:06:12.978" endtime="20220126 02:06:14.476"></status>
</kw>
<kw name="Search For the Product" library="Amazon">
<kw name="Load" library="LandingPage">
<kw name="Go To" library="SeleniumLibrary">
<doc>Navigates the current browser window to the provided ``url``.</doc>
<arguments>
<arg>${START_URL}</arg>
</arguments>
<msg timestamp="20220126 02:06:14.479" level="INFO">Opening url 'http://www.amazon.com'</msg>
<status status="PASS" starttime="20220126 02:06:14.479" endtime="20220126 02:06:17.126"></status>
</kw>
<status status="PASS" starttime="20220126 02:06:14.478" endtime="20220126 02:06:17.126"></status>
</kw>
<kw name="Varify Page Loaded" library="LandingPage">
<kw name="Wait Until Page Contains" library="SeleniumLibrary">
<doc>Waits until ``text`` appears on the current page.</doc>
<arguments>
<arg>Today's Deals</arg>
</arguments>
<status status="PASS" starttime="20220126 02:06:17.127" endtime="20220126 02:06:17.242"></status>
</kw>
<status status="PASS" starttime="20220126 02:06:17.126" endtime="20220126 02:06:17.243"></status>
</kw>
<kw name="Search For Product" library="TopNav">
<kw name="Enter Search Term" library="TopNav">
<kw name="Input Text" library="SeleniumLibrary">
<doc>Types the given ``text`` into the text field identified by ``locator``.</doc>
<arguments>
<arg>id=twotabsearchtextbox</arg>
<arg>${SEARCH_TERM}</arg>
</arguments>
<msg timestamp="20220126 02:06:17.247" level="INFO">Typing text 'samsung s10' into text field 'id=twotabsearchtextbox'.</msg>
<status status="PASS" starttime="20220126 02:06:17.246" endtime="20220126 02:06:17.403"></status>
</kw>
<status status="PASS" starttime="20220126 02:06:17.246" endtime="20220126 02:06:17.403"></status>
</kw>
<kw name="Submit Search" library="TopNav">
<kw name="Click Button" library="SeleniumLibrary">
<doc>Clicks the button identified by ``locator``.</doc>
<arguments>
<arg>css=.nav-search-submit.nav-sprite .nav-input</arg>
</arguments>
<msg timestamp="20220126 02:06:17.404" level="INFO">Clicking button 'css=.nav-search-submit.nav-sprite .nav-input'.</msg>
<status status="PASS" starttime="20220126 02:06:17.404" endtime="20220126 02:06:19.622"></status>
</kw>
<status status="PASS" starttime="20220126 02:06:17.404" endtime="20220126 02:06:19.623"></status>
</kw>
<status status="PASS" starttime="20220126 02:06:17.244" endtime="20220126 02:06:19.623"></status>
</kw>
<kw name="Verify Search Completed" library="SearchResult">
<kw name="Wait Until Page Contains" library="SeleniumLibrary">
<doc>Waits until ``text`` appears on the current page.</doc>
<arguments>
<arg>results for "${SEARCH_TERM}"</arg>
</arguments>
<status status="PASS" starttime="20220126 02:06:19.623" endtime="20220126 02:06:19.671"></status>
</kw>
<status status="PASS" starttime="20220126 02:06:19.623" endtime="20220126 02:06:19.672"></status>
</kw>
<status status="PASS" starttime="20220126 02:06:14.476" endtime="20220126 02:06:19.672"></status>
</kw>
<kw name="Select Product from Search Result" library="Amazon">
<kw name="Click Product Link" library="SearchResult">
<doc>Clicks on the very first item in the Search Result</doc>
<kw name="Click Link" library="SeleniumLibrary">
<doc>Clicks a link identified by ``locator``.</doc>
<arguments>
<arg>css= div.s-main-slot.s-result-list.s-search-results.sg-row &gt; div:nth-child(1) &gt; div &gt; span &gt; div &gt; div &gt; div:nth-child(2) &gt; div.sg-col-4-of-12.sg-col-8-of-16.sg-col-16-of-24.sg-col-12-of-20.sg-col-24-of-32.sg-col.sg-col-28-of-36.sg-col-20-of-28 &gt; div &gt; div:nth-child(1) &gt; div &gt; div &gt; div:nth-child(1) &gt; h2 &gt; a</arg>
</arguments>
<msg timestamp="20220126 02:06:19.674" level="INFO">Clicking link 'css= div.s-main-slot.s-result-list.s-search-results.sg-row &gt; div:nth-child(1) &gt; div &gt; span &gt; div &gt; div &gt; div:nth-child(2) &gt; div.sg-col-4-of-12.sg-col-8-of-16.sg-col-16-of-24.sg-col-12-of-20.sg-col-24-of-32.sg-col.sg-col-28-of-36.sg-col-20-of-28 &gt; div &gt; div:nth-child(1) &gt; div &gt; div &gt; div:nth-child(1) &gt; h2 &gt; a'.</msg>
<kw name="Capture Page Screenshot" library="SeleniumLibrary">
<doc>Takes a screenshot of the current page and embeds it into a log file.</doc>
<msg timestamp="20220126 02:06:20.047" level="INFO" html="yes">&lt;/td&gt;&lt;/tr&gt;&lt;tr&gt;&lt;td colspan="3"&gt;&lt;a href="selenium-screenshot-4.png"&gt;&lt;img src="selenium-screenshot-4.png" width="800px"&gt;&lt;/a&gt;</msg>
<status status="PASS" starttime="20220126 02:06:19.787" endtime="20220126 02:06:20.047"></status>
</kw>
<msg timestamp="20220126 02:06:20.049" level="FAIL">Link with locator 'css= div.s-main-slot.s-result-list.s-search-results.sg-row &gt; div:nth-child(1) &gt; div &gt; span &gt; div &gt; div &gt; div:nth-child(2) &gt; div.sg-col-4-of-12.sg-col-8-of-16.sg-col-16-of-24.sg-col-12-of-20.sg-col-24-of-32.sg-col.sg-col-28-of-36.sg-col-20-of-28 &gt; div &gt; div:nth-child(1) &gt; div &gt; div &gt; div:nth-child(1) &gt; h2 &gt; a' not found.</msg>
<status status="FAIL" starttime="20220126 02:06:19.674" endtime="20220126 02:06:20.049"></status>
</kw>
<status status="FAIL" starttime="20220126 02:06:19.674" endtime="20220126 02:06:20.049"></status>
</kw>
<status status="FAIL" starttime="20220126 02:06:19.673" endtime="20220126 02:06:20.050"></status>
</kw>
<kw name="End Web Test" library="Common" type="teardown">
<kw name="Close Browser" library="SeleniumLibrary">
<doc>Closes the current browser.</doc>
<status status="PASS" starttime="20220126 02:06:20.050" endtime="20220126 02:06:22.699"></status>
</kw>
<status status="PASS" starttime="20220126 02:06:20.050" endtime="20220126 02:06:22.699"></status>
</kw>
<doc>This is basic info about Test</doc>
<tags>
<tag>smoke</tag>
</tags>
<status status="FAIL" starttime="20220126 02:06:12.977" endtime="20220126 02:06:22.701" critical="yes">Link with locator 'css= div.s-main-slot.s-result-list.s-search-results.sg-row &gt; div:nth-child(1) &gt; div &gt; span &gt; div &gt; div &gt; div:nth-child(2) &gt; div.sg-col-4-of-12.sg-col-8-of-16.sg-col-16-of-24.sg-col-12-of-20.sg-col-24-of-32.sg-col.sg-col-28-of-36.sg-col-20-of-28 &gt; div &gt; div:nth-child(1) &gt; div &gt; div &gt; div:nth-child(1) &gt; h2 &gt; a' not found.</status>
</test>
<test id="s1-s1-t2" name="User search for the product">
<kw name="Begin Web Test Cases" library="Common" type="setup">
<kw name="Open Browser" library="SeleniumLibrary">
<doc>Opens a new browser instance to the optional ``url``.</doc>
<arguments>
<arg>about:blank</arg>
<arg>${BROWSER}</arg>
</arguments>
<msg timestamp="20220126 02:06:22.710" level="INFO">Opening browser 'chrome' to base url 'about:blank'.</msg>
<status status="PASS" starttime="20220126 02:06:22.709" endtime="20220126 02:06:23.988"></status>
</kw>
<status status="PASS" starttime="20220126 02:06:22.708" endtime="20220126 02:06:23.988"></status>
</kw>
<kw name="Search For the Product" library="Amazon">
<kw name="Load" library="LandingPage">
<kw name="Go To" library="SeleniumLibrary">
<doc>Navigates the current browser window to the provided ``url``.</doc>
<arguments>
<arg>${START_URL}</arg>
</arguments>
<msg timestamp="20220126 02:06:23.991" level="INFO">Opening url 'http://www.amazon.com'</msg>
<status status="PASS" starttime="20220126 02:06:23.991" endtime="20220126 02:06:26.563"></status>
</kw>
<status status="PASS" starttime="20220126 02:06:23.990" endtime="20220126 02:06:26.564"></status>
</kw>
<kw name="Varify Page Loaded" library="LandingPage">
<kw name="Wait Until Page Contains" library="SeleniumLibrary">
<doc>Waits until ``text`` appears on the current page.</doc>
<arguments>
<arg>Today's Deals</arg>
</arguments>
<status status="PASS" starttime="20220126 02:06:26.564" endtime="20220126 02:06:26.662"></status>
</kw>
<status status="PASS" starttime="20220126 02:06:26.564" endtime="20220126 02:06:26.662"></status>
</kw>
<kw name="Search For Product" library="TopNav">
<kw name="Enter Search Term" library="TopNav">
<kw name="Input Text" library="SeleniumLibrary">
<doc>Types the given ``text`` into the text field identified by ``locator``.</doc>
<arguments>
<arg>id=twotabsearchtextbox</arg>
<arg>${SEARCH_TERM}</arg>
</arguments>
<msg timestamp="20220126 02:06:26.663" level="INFO">Typing text 'samsung s10' into text field 'id=twotabsearchtextbox'.</msg>
<status status="PASS" starttime="20220126 02:06:26.663" endtime="20220126 02:06:26.789"></status>
</kw>
<status status="PASS" starttime="20220126 02:06:26.663" endtime="20220126 02:06:26.789"></status>
</kw>
<kw name="Submit Search" library="TopNav">
<kw name="Click Button" library="SeleniumLibrary">
<doc>Clicks the button identified by ``locator``.</doc>
<arguments>
<arg>css=.nav-search-submit.nav-sprite .nav-input</arg>
</arguments>
<msg timestamp="20220126 02:06:26.790" level="INFO">Clicking button 'css=.nav-search-submit.nav-sprite .nav-input'.</msg>
<status status="PASS" starttime="20220126 02:06:26.789" endtime="20220126 02:06:28.925"></status>
</kw>
<status status="PASS" starttime="20220126 02:06:26.789" endtime="20220126 02:06:28.925"></status>
</kw>
<status status="PASS" starttime="20220126 02:06:26.663" endtime="20220126 02:06:28.925"></status>
</kw>
<kw name="Verify Search Completed" library="SearchResult">
<kw name="Wait Until Page Contains" library="SeleniumLibrary">
<doc>Waits until ``text`` appears on the current page.</doc>
<arguments>
<arg>results for "${SEARCH_TERM}"</arg>
</arguments>
<status status="PASS" starttime="20220126 02:06:28.925" endtime="20220126 02:06:28.966"></status>
</kw>
<status status="PASS" starttime="20220126 02:06:28.925" endtime="20220126 02:06:28.966"></status>
</kw>
<status status="PASS" starttime="20220126 02:06:23.989" endtime="20220126 02:06:28.967"></status>
</kw>
<kw name="End Web Test" library="Common" type="teardown">
<kw name="Close Browser" library="SeleniumLibrary">
<doc>Closes the current browser.</doc>
<status status="PASS" starttime="20220126 02:06:28.968" endtime="20220126 02:06:31.649"></status>
</kw>
<status status="PASS" starttime="20220126 02:06:28.968" endtime="20220126 02:06:31.649"></status>
</kw>
<doc>This is basic info about Test</doc>
<tags>
<tag>current</tag>
</tags>
<status status="PASS" starttime="20220126 02:06:22.706" endtime="20220126 02:06:31.650" critical="yes"></status>
</test>
<doc>This is some basic info about Suit</doc>
<status status="FAIL" starttime="20220126 02:06:12.762" endtime="20220126 02:06:31.652"></status>
</suite>
<status status="FAIL" starttime="20220126 02:06:12.741" endtime="20220126 02:06:31.654"></status>
</suite>
<statistics>
<total>
<stat pass="1" fail="1">Critical Tests</stat>
<stat pass="1" fail="1">All Tests</stat>
</total>
<tag>
<stat pass="1" fail="0">current</stat>
<stat pass="0" fail="1">smoke</stat>
</tag>
<suite>
<stat pass="1" fail="1" id="s1" name="Test">Test</stat>
<stat pass="1" fail="1" id="s1-s1" name="Amazon">Test.Amazon</stat>
</suite>
</statistics>
<errors>
</errors>
</robot>
