<?xml version="1.0" encoding="UTF-8"?>
<robot generator="Robot 3.2.2 (Python 3.6.5 on win32)" generated="20201005 02:02:13.235" rpa="false">
<suite id="s1" name="Test" source="C:\Development\robot-script\first-script\amazon-variable ends\Test">
<suite id="s1-s1" name="Amazon" source="C:\Development\robot-script\first-script\amazon-variable ends\Test\Amazon.robot">
<test id="s1-s1-t1" name="User search for the product">
<kw name="Begin Web Test Cases" library="Common" type="setup">
<kw name="Open Browser" library="SeleniumLibrary">
<doc>Opens a new browser instance to the optional ``url``.</doc>
<arguments>
<arg>about:blank</arg>
<arg>${BROWSER}</arg>
</arguments>
<msg timestamp="20201005 02:02:13.457" level="INFO">Opening browser 'firefox' to base url 'about:blank'.</msg>
<msg timestamp="20201005 02:02:13.457" level="INFO">Firefox driver log is always forced to to: C:\Development\robot-script\first-script\amazon-variable ends\Result\geckodriver-22.log</msg>
<status status="PASS" starttime="20201005 02:02:13.457" endtime="20201005 02:02:19.817"></status>
</kw>
<status status="PASS" starttime="20201005 02:02:13.457" endtime="20201005 02:02:19.817"></status>
</kw>
<kw name="Search For the Product" library="Amazon">
<kw name="Load" library="LandingPage">
<kw name="Go To" library="SeleniumLibrary">
<doc>Navigates the current browser window to the provided ``url``.</doc>
<arguments>
<arg>${START_URL}</arg>
</arguments>
<msg timestamp="20201005 02:02:19.817" level="INFO">Opening url 'http://www.amazon.com'</msg>
<status status="PASS" starttime="20201005 02:02:19.817" endtime="20201005 02:02:27.594"></status>
</kw>
<status status="PASS" starttime="20201005 02:02:19.817" endtime="20201005 02:02:27.602"></status>
</kw>
<kw name="Varify Page Loaded" library="LandingPage">
<kw name="Wait Until Page Contains" library="SeleniumLibrary">
<doc>Waits until ``text`` appears on the current page.</doc>
<arguments>
<arg>Today's Deals</arg>
</arguments>
<status status="PASS" starttime="20201005 02:02:27.602" endtime="20201005 02:02:27.671"></status>
</kw>
<status status="PASS" starttime="20201005 02:02:27.602" endtime="20201005 02:02:27.671"></status>
</kw>
<kw name="Search For Product" library="TopNav">
<kw name="Enter Search Term" library="TopNav">
<kw name="Input Text" library="SeleniumLibrary">
<doc>Types the given ``text`` into the text field identified by ``locator``.</doc>
<arguments>
<arg>id=twotabsearchtextbox</arg>
<arg>${SEARCH_TERM}</arg>
</arguments>
<msg timestamp="20201005 02:02:27.679" level="INFO">Typing text 'samsung s10' into text field 'id=twotabsearchtextbox'.</msg>
<status status="PASS" starttime="20201005 02:02:27.679" endtime="20201005 02:02:27.727"></status>
</kw>
<status status="PASS" starttime="20201005 02:02:27.671" endtime="20201005 02:02:27.727"></status>
</kw>
<kw name="Submit Search" library="TopNav">
<kw name="Click Button" library="SeleniumLibrary">
<doc>Clicks the button identified by ``locator``.</doc>
<arguments>
<arg>css=.nav-search-submit.nav-sprite .nav-input</arg>
</arguments>
<msg timestamp="20201005 02:02:27.727" level="INFO">Clicking button 'css=.nav-search-submit.nav-sprite .nav-input'.</msg>
<status status="PASS" starttime="20201005 02:02:27.727" endtime="20201005 02:02:32.297"></status>
</kw>
<status status="PASS" starttime="20201005 02:02:27.727" endtime="20201005 02:02:32.297"></status>
</kw>
<status status="PASS" starttime="20201005 02:02:27.671" endtime="20201005 02:02:32.297"></status>
</kw>
<kw name="Verify Search Completed" library="SearchResult">
<kw name="Wait Until Page Contains" library="SeleniumLibrary">
<doc>Waits until ``text`` appears on the current page.</doc>
<arguments>
<arg>results for "${SEARCH_TERM}"</arg>
</arguments>
<status status="PASS" starttime="20201005 02:02:32.306" endtime="20201005 02:02:32.342"></status>
</kw>
<status status="PASS" starttime="20201005 02:02:32.297" endtime="20201005 02:02:32.342"></status>
</kw>
<status status="PASS" starttime="20201005 02:02:19.817" endtime="20201005 02:02:32.342"></status>
</kw>
<kw name="End Web Test" library="Common" type="teardown">
<kw name="Close Browser" library="SeleniumLibrary">
<doc>Closes the current browser.</doc>
<status status="PASS" starttime="20201005 02:02:32.347" endtime="20201005 02:02:33.036"></status>
</kw>
<status status="PASS" starttime="20201005 02:02:32.342" endtime="20201005 02:02:33.036"></status>
</kw>
<doc>This is basic info about Test</doc>
<tags>
<tag>current</tag>
</tags>
<status status="PASS" starttime="20201005 02:02:13.457" endtime="20201005 02:02:33.044" critical="yes"></status>
</test>
<doc>This is some basic info about Suit</doc>
<status status="PASS" starttime="20201005 02:02:13.267" endtime="20201005 02:02:33.044"></status>
</suite>
<status status="PASS" starttime="20201005 02:02:13.247" endtime="20201005 02:02:33.044"></status>
</suite>
<statistics>
<total>
<stat pass="1" fail="0">Critical Tests</stat>
<stat pass="1" fail="0">All Tests</stat>
</total>
<tag>
<stat pass="1" fail="0">current</stat>
</tag>
<suite>
<stat pass="1" fail="0" id="s1" name="Test">Test</stat>
<stat pass="1" fail="0" id="s1-s1" name="Amazon">Test.Amazon</stat>
</suite>
</statistics>
<errors>
</errors>
</robot>
